Build started 1/3/2017 6:06:56 PM.
     1>Project "C:\DD\Big Things Done\Computacional\Huffman_GUI\Huffman_GUI\Huffman_GUI.vcxproj" on node 2 (Build target(s)).
     1>ClCompile:
         C:\Program Files (x86)\Microsoft Visual Studio 12.0\VC\bin\CL.exe /c /AI"C:\Program Files (x86)\Reference Assemblies\Microsoft\Framework\.NETFramework\v4.5\\" /AI"C:\Program Files (x86)\Windows Kits\8.1\References\CommonConfiguration\Neutral" /AI"C:\Program Files (x86)\Reference Assemblies\Microsoft\Framework\.NETFramework\v4.5\Facades\\" /Zi /clr /nologo /W3 /WX- /O2 /Oy- /D WIN32 /D NDEBUG /D _UNICODE /D UNICODE /EHa /MD /GS /fp:precise /Zc:wchar_t /Zc:forScope /Fo"Release\\" /Fd"Release\vc120.pdb" /TP /FU"C:\Program Files (x86)\Reference Assemblies\Microsoft\Framework\.NETFramework\v4.5\mscorlib.dll" /FU"C:\Program Files (x86)\Reference Assemblies\Microsoft\Framework\.NETFramework\v4.5\System.Data.dll" /FU"C:\Program Files (x86)\Reference Assemblies\Microsoft\Framework\.NETFramework\v4.5\System.dll" /FU"C:\Program Files (x86)\Reference Assemblies\Microsoft\Framework\.NETFramework\v4.5\System.Drawing.dll" /FU"C:\Program Files (x86)\Reference Assemblies\Microsoft\Framework\.NETFramework\v4.5\System.Windows.Forms.dll" /FU"C:\Program Files (x86)\Reference Assemblies\Microsoft\Framework\.NETFramework\v4.5\System.Xml.dll" /analyze- /errorReport:prompt /clr:nostdlib MyForm.cpp
         MyForm.cpp
     1>c:\dd\big things done\computacional\huffman_gui\huffman_gui\MyForm.h(513): warning C4996: 'sprintf': This function or variable may be unsafe. Consider using sprintf_s instead. To disable deprecation, use _CRT_SECURE_NO_WARNINGS. See online help for details.
                 C:\Program Files (x86)\Microsoft Visual Studio 12.0\VC\include\stdio.h(356) : see declaration of 'sprintf'
     1>c:\dd\big things done\computacional\huffman_gui\huffman_gui\MyForm.h(521): warning C4018: '<' : signed/unsigned mismatch
     1>c:\dd\big things done\computacional\huffman_gui\huffman_gui\MyForm.h(533): warning C4018: '<' : signed/unsigned mismatch
     1>c:\dd\big things done\computacional\huffman_gui\huffman_gui\MyForm.h(546): warning C4018: '<' : signed/unsigned mismatch
     1>c:\dd\big things done\computacional\huffman_gui\huffman_gui\MyForm.h(547): warning C4018: '<' : signed/unsigned mismatch
     1>c:\dd\big things done\computacional\huffman_gui\huffman_gui\MyForm.h(579): warning C4996: 'sprintf': This function or variable may be unsafe. Consider using sprintf_s instead. To disable deprecation, use _CRT_SECURE_NO_WARNINGS. See online help for details.
                 C:\Program Files (x86)\Microsoft Visual Studio 12.0\VC\include\stdio.h(356) : see declaration of 'sprintf'
     1>c:\dd\big things done\computacional\huffman_gui\huffman_gui\MyForm.h(581): warning C4996: 'sprintf': This function or variable may be unsafe. Consider using sprintf_s instead. To disable deprecation, use _CRT_SECURE_NO_WARNINGS. See online help for details.
                 C:\Program Files (x86)\Microsoft Visual Studio 12.0\VC\include\stdio.h(356) : see declaration of 'sprintf'
     1>c:\dd\big things done\computacional\huffman_gui\huffman_gui\MyForm.h(582): warning C4996: 'strcat': This function or variable may be unsafe. Consider using strcat_s instead. To disable deprecation, use _CRT_SECURE_NO_WARNINGS. See online help for details.
                 C:\Program Files (x86)\Microsoft Visual Studio 12.0\VC\include\string.h(118) : see declaration of 'strcat'
     1>c:\dd\big things done\computacional\huffman_gui\huffman_gui\MyForm.h(584): warning C4996: 'fopen': This function or variable may be unsafe. Consider using fopen_s instead. To disable deprecation, use _CRT_SECURE_NO_WARNINGS. See online help for details.
                 C:\Program Files (x86)\Microsoft Visual Studio 12.0\VC\include\stdio.h(211) : see declaration of 'fopen'
     1>c:\dd\big things done\computacional\huffman_gui\huffman_gui\MyForm.h(591): warning C4018: '<' : signed/unsigned mismatch
     1>c:\dd\big things done\computacional\huffman_gui\huffman_gui\MyForm.h(596): warning C4018: '<' : signed/unsigned mismatch
     1>c:\dd\big things done\computacional\huffman_gui\huffman_gui\MyForm.h(605): warning C4018: '<' : signed/unsigned mismatch
     1>c:\dd\big things done\computacional\huffman_gui\huffman_gui\MyForm.h(623): warning C4996: 'sprintf': This function or variable may be unsafe. Consider using sprintf_s instead. To disable deprecation, use _CRT_SECURE_NO_WARNINGS. See online help for details.
                 C:\Program Files (x86)\Microsoft Visual Studio 12.0\VC\include\stdio.h(356) : see declaration of 'sprintf'
     1>c:\dd\big things done\computacional\huffman_gui\huffman_gui\MyForm.h(624): warning C4996: 'fopen': This function or variable may be unsafe. Consider using fopen_s instead. To disable deprecation, use _CRT_SECURE_NO_WARNINGS. See online help for details.
                 C:\Program Files (x86)\Microsoft Visual Studio 12.0\VC\include\stdio.h(211) : see declaration of 'fopen'
     1>c:\dd\big things done\computacional\huffman_gui\huffman_gui\MyForm.h(676): warning C4018: '<' : signed/unsigned mismatch
     1>c:\dd\big things done\computacional\huffman_gui\huffman_gui\MyForm.h(685): warning C4996: 'sprintf': This function or variable may be unsafe. Consider using sprintf_s instead. To disable deprecation, use _CRT_SECURE_NO_WARNINGS. See online help for details.
                 C:\Program Files (x86)\Microsoft Visual Studio 12.0\VC\include\stdio.h(356) : see declaration of 'sprintf'
     1>c:\dd\big things done\computacional\huffman_gui\huffman_gui\MyForm.h(686): warning C4996: 'strcat': This function or variable may be unsafe. Consider using strcat_s instead. To disable deprecation, use _CRT_SECURE_NO_WARNINGS. See online help for details.
                 C:\Program Files (x86)\Microsoft Visual Studio 12.0\VC\include\string.h(118) : see declaration of 'strcat'
     1>c:\dd\big things done\computacional\huffman_gui\huffman_gui\MyForm.h(688): warning C4996: 'fopen': This function or variable may be unsafe. Consider using fopen_s instead. To disable deprecation, use _CRT_SECURE_NO_WARNINGS. See online help for details.
                 C:\Program Files (x86)\Microsoft Visual Studio 12.0\VC\include\stdio.h(211) : see declaration of 'fopen'
     1>c:\dd\big things done\computacional\huffman_gui\huffman_gui\MyForm.h(697): warning C4996: 'fopen': This function or variable may be unsafe. Consider using fopen_s instead. To disable deprecation, use _CRT_SECURE_NO_WARNINGS. See online help for details.
                 C:\Program Files (x86)\Microsoft Visual Studio 12.0\VC\include\stdio.h(211) : see declaration of 'fopen'
         C:\Program Files (x86)\Microsoft Visual Studio 12.0\VC\bin\CL.exe /c /Zi /clr /nologo /W3 /WX- /O2 /Oy- /D WIN32 /D NDEBUG /D _UNICODE /D UNICODE /EHa /MD /GS /fp:precise /Zc:wchar_t /Zc:forScope /Fo"Release\\" /Fd"Release\vc120.pdb" /TP /analyze- /errorReport:prompt "C:\Users\Kenzo\AppData\Local\Temp\.NETFramework,Version=v4.5.AssemblyAttributes.cpp"
         .NETFramework,Version=v4.5.AssemblyAttributes.cpp
       Link:
         C:\Program Files (x86)\Microsoft Visual Studio 12.0\VC\bin\link.exe /ERRORREPORT:PROMPT /OUT:"C:\DD\Big Things Done\Computacional\Huffman_GUI\Release\Huffman_GUI.exe" /INCREMENTAL:NO /NOLOGO /ASSEMBLYRESOURCE:Release\Huffman_GUI.MyForm.resources /MANIFEST /MANIFESTUAC:"level='asInvoker' uiAccess='false'" /manifest:embed /DEBUG /PDB:"C:\DD\Big Things Done\Computacional\Huffman_GUI\Release\Huffman_GUI.pdb" /SUBSYSTEM:WINDOWS /TLBID:1 /ENTRY:"main" /DYNAMICBASE /FIXED:NO /NXCOMPAT /MACHINE:X86 /SAFESEH Release\MyForm.obj
         "Release\.NETFramework,Version=v4.5.AssemblyAttributes.obj"
         Huffman_GUI.vcxproj -> C:\DD\Big Things Done\Computacional\Huffman_GUI\Release\Huffman_GUI.exe
     1>Done Building Project "C:\DD\Big Things Done\Computacional\Huffman_GUI\Huffman_GUI\Huffman_GUI.vcxproj" (Build target(s)).

Build succeeded.

Time Elapsed 00:00:07.21
